  Program:  /home/hirth/git/SIM-VICUS.master2/bin/release/View3D
  Version:  4.0.0
  Created:  Mar 14 2023 at 15:31:30
  Compiler: GCC 11.3.0
Data file:  /home/hirth/Dokumente/VicusTestFiles/20230112_SAB/view3D/B3611_[148].v3s
Output file:  /home/hirth/Dokumente/VicusTestFiles/20230112_SAB/view3D/B3611_[148]_results.txt
Time:  Mon Mar 20 19:21:09 2023

Title: Generated View3D-file by SIM-VICUS for room B3611_[148]
Control values for 3-D view factor calculations:
     adaptive convergence: 0.0001
  unobstructed recursions: 8 *
max obstructed recursions: 8
min obstructed recursions: 0
              solving row: all
           solving column: all
 output control parameter: 3

 total number of surfaces: 48 
   heat transfer surfaces: 48 
T	Generated View3D-file by SIM-VICUS for room B3611_[148]
!--------------------------------------
C eps = 0.0001 col = 0 row = 0 encl = 0 maxU = 8 maxO = 8 minO = 0 emit = 0 out = 0 list = 3
!--------------------------------------
!	#	x	y	z	coordinates of vertices
V	1	24.3394	16.9122	13.7
V	2	27.8627	15.4887	13.7
V	3	27.8627	15.4887	10.5
V	4	24.3394	16.9122	10.5
V	5	25.5447	16.4252	13.23
V	6	26.6574	15.9757	13.23
V	7	26.6574	15.9757	11.4759
V	8	25.5447	16.4252	11.4759
V	9	24.3394	16.9122	13.23
V	10	25.452	16.4627	13.23
V	11	25.452	16.4627	11.4759
V	12	24.3394	16.9122	11.4759
V	13	25.619	16.3952	11.3706
V	14	26.5832	16.0056	11.3706
V	15	26.5832	16.0056	10.6138
V	16	25.619	16.3952	10.6138
V	17	24.4136	16.8822	11.3706
V	18	25.3779	16.4926	11.3706
V	19	25.3779	16.4926	10.6138
V	20	24.4136	16.8822	10.6138
V	21	25.5447	16.4252	13.23
V	22	26.6574	15.9757	13.23
V	23	26.6574	15.9757	11.4759
V	24	25.5447	16.4252	11.4759
V	25	24.3394	16.9122	13.23
V	26	25.452	16.4627	13.23
V	27	25.452	16.4627	11.4759
V	28	24.3394	16.9122	11.4759
V	29	25.619	16.3952	11.3706
V	30	26.5832	16.0056	11.3706
V	31	26.5832	16.0056	10.6138
V	32	25.619	16.3952	10.6138
V	33	24.4136	16.8822	11.3706
V	34	25.3779	16.4926	11.3706
V	35	25.3779	16.4926	10.6138
V	36	24.4136	16.8822	10.6138
V	37	24.6532	11.0152	10.5
V	38	26.6573	15.9756	10.5
V	39	26.75	15.9381	10.5
V	40	24.7459	10.9777	10.5
V	41	24.6532	11.0152	10.5
V	42	22.3352	11.9517	10.5
V	43	24.3394	16.9121	10.5
V	44	26.6573	15.9756	10.5
V	45	24.7459	10.9778	10.5
V	46	26.7501	15.9383	10.5
V	47	27.8627	15.4887	10.5
V	48	25.8585	10.5283	10.5
V	49	27.8627	15.4887	10.5
V	50	27.8627	15.4887	13.7
V	51	25.8586	10.5283	13.7
V	52	25.8586	10.5283	10.5
V	53	25.8586	10.5282	13.7
V	54	22.3353	11.9517	13.7
V	55	22.3353	11.9517	10.5
V	56	25.8586	10.5282	10.5
V	57	22.3353	11.9517	10.5
V	58	22.3353	11.9517	13.7
V	59	24.3394	16.9121	13.7
V	60	24.3394	16.9121	10.5
V	61	27.8627	15.4887	13.7
V	62	24.3394	16.9122	13.7
V	63	22.3353	11.9518	13.7
V	64	25.8586	10.5283	13.7
!--------------------------------------
!	#	v1	v2	v3	v4	base	cmb	emit	name	surface data
S	1	7	2	6	0	0	0	0.001	[1318] Wall(8133)[1]
S	2	13	7	8	0	0	1	0.001	[1318] Wall(8133)[2]
S	3	16	3	15	0	0	1	0.001	[1318] Wall(8133)[3]
S	4	12	1	4	0	Vertices:
  24.339400  16.912200  11.475900
  24.339400  16.912200  13.700000
  24.339400  16.912200  10.500000
View3D FATAL (/home/hirth/git/SIM-VICUS.master2/View3D/src/viewobs.c,617): Vertices give invalid area in Triangle