  Program:  view3d.exe
  Version:  4.0.0
  Created:  Apr  6 2021 at 14:13:17
  Compiler: Visual C++ Version 190024215
Data file:  WE0.0_Bath.v3s
Output file:  viewfactorResults.txt
Time:  Fri Apr 16 12:49:39 2021

Title: Generated View3D-file by SIM-VICUS for roomWE0.0_Bath
Control values for 3-D view factor calculations:
     adaptive convergence: 0.0001
  unobstructed recursions: 8 *
max obstructed recursions: 8
min obstructed recursions: 0
              solving row: all
           solving column: all
 output control parameter: 3

 total number of surfaces: 12 
   heat transfer surfaces: 12 
T	Generated View3D-file by SIM-VICUS for roomWE0.0_Bath
!--------------------------------------
C eps = 0.0001 col = 0 row = 0 encl = 0 maxU = 8 maxO = 8 minO = 0 emit = 0 out = 0 list = 3
!--------------------------------------
!	#	x	y	z	coordinates of vertices
V	1	1.8	0	2.2
V	2	1.8	3.1	2.2
V	3	0	3.1	2.2
V	4	0	0	2.2
V	1	View3D ERROR (B:\git\View3D\src\getdat.c,374): Vertex 1 out of sequence
0	0	0
V	2	View3D ERROR (B:\git\View3D\src\getdat.c,374): Vertex 2 out of sequence
0	0	2.2
V	3	View3D ERROR (B:\git\View3D\src\getdat.c,374): Vertex 3 out of sequence
0	3.1	2.2
V	4	View3D ERROR (B:\git\View3D\src\getdat.c,374): Vertex 4 out of sequence
0	3.1	0
V	1	View3D ERROR (B:\git\View3D\src\getdat.c,374): Vertex 1 out of sequence
0	3.1	0
V	2	View3D ERROR (B:\git\View3D\src\getdat.c,374): Vertex 2 out of sequence
0	3.1	2.2
V	3	View3D ERROR (B:\git\View3D\src\getdat.c,374): Vertex 3 out of sequence
1.8	3.1	2.2
V	4	View3D ERROR (B:\git\View3D\src\getdat.c,374): Vertex 4 out of sequence
1.8	3.1	0
V	1	View3D ERROR (B:\git\View3D\src\getdat.c,374): Vertex 1 out of sequence
1.8	3.1	0
V	2	View3D ERROR (B:\git\View3D\src\getdat.c,374): Vertex 2 out of sequence
1.8	3.1	2.2
V	3	View3D ERROR (B:\git\View3D\src\getdat.c,374): Vertex 3 out of sequence
1.8	0	2.2
V	4	View3D ERROR (B:\git\View3D\src\getdat.c,374): Vertex 4 out of sequence
1.8	0	0
V	1	View3D ERROR (B:\git\View3D\src\getdat.c,374): Vertex 1 out of sequence
1.8	0	0
V	2	View3D ERROR (B:\git\View3D\src\getdat.c,374): Vertex 2 out of sequence
1.8	0	2.2
V	3	View3D ERROR (B:\git\View3D\src\getdat.c,374): Vertex 3 out of sequence
0	0	2.2
V	4	View3D ERROR (B:\git\View3D\src\getdat.c,374): Vertex 4 out of sequence
0	0	0
V	1	View3D ERROR (B:\git\View3D\src\getdat.c,374): Vertex 1 out of sequence
0	0	0
V	2	View3D ERROR (B:\git\View3D\src\getdat.c,374): Vertex 2 out of sequence
0	3.1	0
V	3	View3D ERROR (B:\git\View3D\src\getdat.c,374): Vertex 3 out of sequence
1.8	3.1	0
V	4	View3D ERROR (B:\git\View3D\src\getdat.c,374): Vertex 4 out of sequence
1.8	0	0
!--------------------------------------
!	#	v1	v2	v3	v4	base	cmb	emit	name	surface data
S	1	1	3	2	0	0	0	0	View3D WARNING (B:\git\View3D\src\getdat.c,340): Replacing surface 1 emittance 0 with 0.001
[6] WE0.0_Roof_1[1]
S	2	1	4	3	0	0	1	0	View3D WARNING (B:\git\View3D\src\getdat.c,340): Replacing surface 2 emittance 0 with 0.001
[6] WE0.0_Roof_1[2]
S	1	View3D ERROR (B:\git\View3D\src\getdat.c,387): Surface 1 out of sequence
1	3	2	0	0	0	0	View3D WARNING (B:\git\View3D\src\getdat.c,340): Replacing surface 3 emittance 0 with 0.001
[2] WE0.0_Wall_1[1]
S	2	View3D ERROR (B:\git\View3D\src\getdat.c,387): Surface 2 out of sequence
1	4	3	0	0	1	0	View3D WARNING (B:\git\View3D\src\getdat.c,340): Replacing surface 4 emittance 0 with 0.001
[2] WE0.0_Wall_1[2]
S	1	View3D ERROR (B:\git\View3D\src\getdat.c,387): Surface 1 out of sequence
1	3	2	0	0	0	0	View3D WARNING (B:\git\View3D\src\getdat.c,340): Replacing surface 5 emittance 0 with 0.001
[3] WE0.0_Wall_2[1]
S	2	View3D ERROR (B:\git\View3D\src\getdat.c,387): Surface 2 out of sequence
1	4	3	0	0	1	0	View3D WARNING (B:\git\View3D\src\getdat.c,340): Replacing surface 6 emittance 0 with 0.001
[3] WE0.0_Wall_2[2]
S	1	View3D ERROR (B:\git\View3D\src\getdat.c,387): Surface 1 out of sequence
1	3	2	0	0	0	0	View3D WARNING (B:\git\View3D\src\getdat.c,340): Replacing surface 7 emittance 0 with 0.001
[4] WE0.0_Wall_3[1]
S	2	View3D ERROR (B:\git\View3D\src\getdat.c,387): Surface 2 out of sequence
1	4	3	0	0	1	0	View3D WARNING (B:\git\View3D\src\getdat.c,340): Replacing surface 8 emittance 0 with 0.001
[4] WE0.0_Wall_3[2]
S	1	View3D ERROR (B:\git\View3D\src\getdat.c,387): Surface 1 out of sequence
1	3	2	0	0	0	0	View3D WARNING (B:\git\View3D\src\getdat.c,340): Replacing surface 9 emittance 0 with 0.001
[5] WE0.0_Wall_4[1]
S	2	View3D ERROR (B:\git\View3D\src\getdat.c,387): Surface 2 out of sequence
1	4	3	0	0	1	0	View3D WARNING (B:\git\View3D\src\getdat.c,340): Replacing surface 10 emittance 0 with 0.001
[5] WE0.0_Wall_4[2]
S	1	View3D ERROR (B:\git\View3D\src\getdat.c,387): Surface 1 out of sequence
1	3	2	0	0	0	0	View3D WARNING (B:\git\View3D\src\getdat.c,340): Replacing surface 11 emittance 0 with 0.001
[1] WE0.0_Floor_1[1]
S	2	View3D ERROR (B:\git\View3D\src\getdat.c,387): Surface 2 out of sequence
1	4	3	0	0	1	0	View3D WARNING (B:\git\View3D\src\getdat.c,340): Replacing surface 12 emittance 0 with 0.001
[1] WE0.0_Floor_1[2]
!--------------------------------------
End View3D FATAL (B:\git\View3D\src\getdat.c,476): Fix errors in input data